<?xml version="1.0" encoding="UTF-8" ?>
<testsuite tests="1" failures="0" name="tony.unit.login.PositiveLoginTest" time="13.648" errors="0" skipped="0">
  <properties>
    <property name="java.runtime.name" value="OpenJDK Runtime Environment"/>
    <property name="java.vm.version" value="17.0.1+12"/>
    <property name="sun.boot.library.path" value="C:\Users\ITStark\.p2\pool\plugins\org.eclipse.justj.openjdk.hotspot.jre.full.win32.x86_64_17.0.1.v20211116-1657\jre\bin"/>
    <property name="maven.multiModuleProjectDirectory" value="C:/development/tonyrepo/tony"/>
    <property name="java.vm.vendor" value="Eclipse Adoptium"/>
    <property name="java.vendor.url" value="https://adoptium.net/"/>
    <property name="guice.disable.misplaced.annotation.check" value="true"/>
    <property name="path.separator" value=";"/>
    <property name="java.vm.name" value="OpenJDK 64-Bit Server VM"/>
    <property name="sun.os.patch.level" value=""/>
    <property name="user.script" value=""/>
    <property name="user.country" value="US"/>
    <property name="sun.java.launcher" value="SUN_STANDARD"/>
    <property name="java.vm.specification.name" value="Java Virtual Machine Specification"/>
    <property name="user.dir" value="C:\development\tonyrepo\tony"/>
    <property name="java.vm.compressedOopsMode" value="32-bit"/>
    <property name="java.runtime.version" value="17.0.1+12"/>
    <property name="os.arch" value="amd64"/>
    <property name="java.io.tmpdir" value="C:\Users\ITStark\AppData\Local\Temp\"/>
    <property name="line.separator" value="
"/>
    <property name="java.vm.specification.vendor" value="Oracle Corporation"/>
    <property name="user.variant" value=""/>
    <property name="os.name" value="Windows 10"/>
    <property name="classworlds.conf" value="C:/tools/apache-maven-3.8.5/bin/m2.conf"/>
    <property name="sun.jnu.encoding" value="Cp1252"/>
    <property name="java.library.path" value="C:\Users\ITStark\.p2\pool\plugins\org.eclipse.justj.openjdk.hotspot.jre.full.win32.x86_64_17.0.1.v20211116-1657\jre\bin;C:\WINDOWS\Sun\Java\bin;C:\WINDOWS\system32;C:\WINDOWS;C:\Users\ITStark\bin;C:\Program Files\Git\mingw64\bin;C:\Program Files\Git\usr\local\bin;C:\Program Files\Git\usr\bin;C:\Program Files\Git\usr\bin;C:\Program Files\Git\mingw64\bin;C:\Program Files\Git\usr\bin;C:\Users\ITStark\bin;C:\Program Files\Micro Focus\NV\lib\shunra\vcat;C:\Program Files (x86)\Common Files\Oracle\Java\javapath;C:\Program Files (x86)\TRICENTIS\Tosca Testsuite\ToscaCommander;C:\Program Files (x86)\TRICENTIS\Tosca Testsuite\Classic;C:\Program Files (x86)\TRICENTIS\Tosca Testsuite\Classic\dll;C:\Program Files (x86)\TRICENTIS\Tosca Testsuite\Classic\dll\GuptaEngine;C:\Program Files (x86)\TRICENTIS\Tosca Testsuite\ToscaCommander;C:\Program Files (x86)\TRICENTIS\Tosca Testsuite\Classic\dll\DelphiEngine;C:\Program Files (x86)\TRICENTIS\Tosca Testsuite\Classic\dll\PBEngine;C:\Program Files (x86)\TRICENTIS\Tosca Testsuite\Classic\dll\VBEngine;C:\Program Files (x86)\TRICENTIS\Tosca Testsuite\Classic\dll\DotNetHooking;C:\WINDOWS\system32;C:\WINDOWS;C:\WINDOWS\System32\Wbem;C:\WINDOWS\System32\WindowsPowerShell\v1.0;C:\WINDOWS\System32\OpenSSH;C:\Program Files\Git\cmd;C:\Program Files (x86)\Pulse Secure\VC142.CRT\X64;C:\Program Files (x86)\Pulse Secure\VC142.CRT\X86;C:\tools\apache-maven-3.8.5\bin;C:\Users\ITStark\AppData\Local\Microsoft\WindowsApps;C:\Program Files\Git\usr\bin\vendor_perl;C:\Program Files\Git\usr\bin\core_perl;."/>
    <property name="maven.conf" value="C:/tools/apache-maven-3.8.5/conf"/>
    <property name="jdk.debug" value="release"/>
    <property name="java.class.version" value="61.0"/>
    <property name="java.specification.name" value="Java Platform API Specification"/>
    <property name="sun.management.compiler" value="HotSpot 64-Bit Tiered Compilers"/>
    <property name="os.version" value="10.0"/>
    <property name="library.jansi.path" value="C:/tools/apache-maven-3.8.5/lib/jansi-native"/>
    <property name="user.home" value="C:\Users\ITStark"/>
    <property name="user.timezone" value="America/Mexico_City"/>
    <property name="file.encoding" value="Cp1252"/>
    <property name="java.specification.version" value="17"/>
    <property name="user.name" value="ITStark"/>
    <property name="java.class.path" value="C:/tools/apache-maven-3.8.5/boot/plexus-classworlds-2.6.0.jar"/>
    <property name="java.vm.specification.version" value="17"/>
    <property name="sun.arch.data.model" value="64"/>
    <property name="sun.java.command" value="org.codehaus.plexus.classworlds.launcher.Launcher clean install"/>
    <property name="java.home" value="C:\Users\ITStark\.p2\pool\plugins\org.eclipse.justj.openjdk.hotspot.jre.full.win32.x86_64_17.0.1.v20211116-1657\jre"/>
    <property name="user.language" value="en"/>
    <property name="java.specification.vendor" value="Oracle Corporation"/>
    <property name="java.vm.info" value="mixed mode"/>
    <property name="java.version" value="17.0.1"/>
    <property name="native.encoding" value="Cp1252"/>
    <property name="java.vendor" value="Eclipse Adoptium"/>
    <property name="maven.home" value="C:\tools\apache-maven-3.8.5"/>
    <property name="file.separator" value="\"/>
    <property name="java.version.date" value="2021-10-19"/>
    <property name="java.vendor.url.bug" value="https://github.com/adoptium/adoptium-support/issues"/>
    <property name="sun.io.unicode.encoding" value="UnicodeLittle"/>
    <property name="sun.cpu.endian" value="little"/>
    <property name="java.vendor.version" value="Temurin-17.0.1+12"/>
    <property name="sun.cpu.isalist" value="amd64"/>
  </properties>
  <testcase classname="tony.unit.login.PositiveLoginTest" name="setUp" time="13.648"/>
</testsuite>