<?xml version="1.0" encoding="UTF-8"?>
<!-- Generated by org.testng.reporters.JUnitReportReporter -->
<testsuite hostname="DESKTOP-A0HJEH5" failures="0" tests="1" name="tony.unit.login.PositiveLoginTest" time="9.725" errors="0" timestamp="4 Apr 2022 22:10:27 GMT">
  <testcase classname="tony.unit.login.PositiveLoginTest" name="setUp" time="9.725"/>
</testsuite> <!-- tony.unit.login.PositiveLoginTest -->
