<?xml version="1.0" encoding="UTF-8"?>
<!-- Generated by org.testng.reporters.JUnitReportReporter -->
<testsuite hostname="DESKTOP-A0HJEH5" failures="0" tests="1" name="tony.unit.login.PositiveLoginTest" time="7.238" errors="0" timestamp="1 Apr 2022 22:58:01 GMT">
  <testcase classname="tony.unit.login.PositiveLoginTest" name="setUp" time="7.238"/>
</testsuite> <!-- tony.unit.login.PositiveLoginTest -->
