<?xml version="1.0" encoding="UTF-8"?>
<!-- Generated by org.testng.reporters.JUnitReportReporter -->
<testsuite hostname="DESKTOP-MU0SQQ2" failures="0" tests="1" name="tony.unit.login.PositiveLoginTest" time="13.646" errors="0" timestamp="8 Apr 2022 17:40:32 GMT">
  <testcase classname="tony.unit.login.PositiveLoginTest" name="setUp" time="13.646"/>
</testsuite> <!-- tony.unit.login.PositiveLoginTest -->
