<?xml version="1.0" encoding="UTF-8"?>
<!-- Generated by org.testng.reporters.JUnitReportReporter -->
<testsuite hostname="DESKTOP-A0HJEH5" failures="0" tests="1" name="tony.unit.login.PositiveLoginTest" time="9.629" errors="0" timestamp="6 Apr 2022 17:09:23 GMT">
  <testcase classname="tony.unit.login.PositiveLoginTest" name="setUp" time="9.629"/>
</testsuite> <!-- tony.unit.login.PositiveLoginTest -->
