<?xml version="1.0" encoding="UTF-8"?>
<!-- Generated by org.testng.reporters.JUnitReportReporter -->
<testsuite hostname="DESKTOP-A0HJEH5" failures="0" tests="1" name="tony.unit.login.PositiveLoginTest" time="24.451" errors="0" timestamp="31 Mar 2022 21:08:58 GMT">
  <testcase classname="tony.unit.login.PositiveLoginTest" name="setUp" time="24.451"/>
</testsuite> <!-- tony.unit.login.PositiveLoginTest -->
